2024-10-01T08:56:53.600Z  INFO 1 --- [api-gateway] [main] c.o.apigateway.ApiGatewayApplication     : Starting ApiGatewayApplication v1 using Java 21 with PID 1 (/app/api-gateway.jar started by root in /app)
2024-10-01T08:56:53.624Z DEBUG 1 --- [api-gateway] [main] c.o.apigateway.ApiGatewayApplication     : Running with Spring Boot v3.3.4, Spring v6.1.13
2024-10-01T08:56:53.626Z  INFO 1 --- [api-gateway] [main] c.o.apigateway.ApiGatewayApplication     : No active profile set, falling back to 1 default profile: "default"
2024-10-01T08:56:56.980Z  INFO 1 --- [api-gateway] [main] o.s.cloud.context.scope.GenericScope     : BeanFactory id=fe9aadde-3645-3132-9fed-ba62d0cffe9a
2024-10-01T08:56:57.912Z  INFO 1 --- [api-gateway] [main] o.s.b.w.embedded.tomcat.TomcatWebServer  : Tomcat initialized with port 9000 (http)
2024-10-01T08:56:57.939Z  INFO 1 --- [api-gateway] [main] o.apache.catalina.core.StandardService   : Starting service [Tomcat]
2024-10-01T08:56:57.953Z  INFO 1 --- [api-gateway] [main] o.apache.catalina.core.StandardEngine    : Starting Servlet engine: [Apache Tomcat/10.1.30]
2024-10-01T08:56:58.045Z  INFO 1 --- [api-gateway] [main] o.a.c.c.C.[Tomcat].[localhost].[/]       : Initializing Spring embedded WebApplicationContext
2024-10-01T08:56:58.049Z  INFO 1 --- [api-gateway] [main] w.s.c.ServletWebServerApplicationContext : Root WebApplicationContext: initialization completed in 4106 ms
2024-10-01T08:56:58.739Z TRACE 1 --- [api-gateway] [main] s.w.s.m.m.a.RequestMappingHandlerMapping : 
	o.s.b.a.w.s.e.BasicErrorController:
	{ [/error]}: error(HttpServletRequest)
	{ [/error], produces [text/html]}: errorHtml(HttpServletRequest,HttpServletResponse)
2024-10-01T08:56:58.886Z DEBUG 1 --- [api-gateway] [main] s.w.s.m.m.a.RequestMappingHandlerMapping : 2 mappings in 'requestMappingHandlerMapping'
2024-10-01T08:56:58.904Z DEBUG 1 --- [api-gateway] [main] o.s.w.s.h.BeanNameUrlHandlerMapping      : Detected 0 mappings in 'beanNameHandlerMapping'
2024-10-01T08:56:59.128Z TRACE 1 --- [api-gateway] [main] o.s.w.s.f.support.RouterFunctionMapping  : Mapped RouterFunction routeId=product_service delegate=/v1/api/product/** -> ProxyExchangeHandlerFunction
2024-10-01T08:56:59.128Z TRACE 1 --- [api-gateway] [main] o.s.w.s.f.support.RouterFunctionMapping  : Mapped RouterFunction routeId=order_service delegate=/v1/api/order/** -> ProxyExchangeHandlerFunction
2024-10-01T08:56:59.134Z TRACE 1 --- [api-gateway] [main] o.s.w.s.f.support.RouterFunctionMapping  : Mapped Never -> org.springframework.cloud.gateway.server.mvc.config.RouterFunctionHolderFactory$$Lambda/0x00007f893042d308@44a085e5
2024-10-01T08:56:59.145Z TRACE 1 --- [api-gateway] [main] o.s.w.s.handler.SimpleUrlHandlerMapping  : Mapped [/webjars/**] onto ResourceHttpRequestHandler [classpath [META-INF/resources/webjars/]]
2024-10-01T08:56:59.159Z TRACE 1 --- [api-gateway] [main] o.s.w.s.handler.SimpleUrlHandlerMapping  : Mapped [/**] onto ResourceHttpRequestHandler [classpath [META-INF/resources/], classpath [resources/], classpath [static/], classpath [public/], ServletContext [/]]
2024-10-01T08:56:59.162Z DEBUG 1 --- [api-gateway] [main] o.s.w.s.handler.SimpleUrlHandlerMapping  : Patterns [/webjars/**, /**] in 'resourceHandlerMapping'
2024-10-01T08:56:59.259Z DEBUG 1 --- [api-gateway] [main] s.w.s.m.m.a.RequestMappingHandlerAdapter : ControllerAdvice beans: 0 @ModelAttribute, 0 @InitBinder, 1 RequestBodyAdvice, 1 ResponseBodyAdvice
2024-10-01T08:56:59.325Z DEBUG 1 --- [api-gateway] [main] .m.m.a.ExceptionHandlerExceptionResolver : ControllerAdvice beans: 0 @ExceptionHandler, 1 ResponseBodyAdvice
2024-10-01T08:57:00.281Z  INFO 1 --- [api-gateway] [main] o.s.b.w.embedded.tomcat.TomcatWebServer  : Tomcat started on port 9000 (http) with context path '/'
2024-10-01T08:57:00.336Z  INFO 1 --- [api-gateway] [main] c.o.apigateway.ApiGatewayApplication     : Started ApiGatewayApplication in 8.505 seconds (process running for 10.13)
