2024-10-01T08:56:52.715Z  INFO 1 --- [order] [main] c.o.grpcservice.GrpcServiceApplication   : Starting GrpcServiceApplication v1 using Java 21 with PID 1 (/app/order-service.jar started by root in /app)
2024-10-01T08:56:52.722Z DEBUG 1 --- [order] [main] c.o.grpcservice.GrpcServiceApplication   : Running with Spring Boot v3.3.4, Spring v6.1.13
2024-10-01T08:56:52.723Z  INFO 1 --- [order] [main] c.o.grpcservice.GrpcServiceApplication   : The following 1 profile is active: "dev"
2024-10-01T08:56:56.296Z  INFO 1 --- [order] [main] .s.d.r.c.RepositoryConfigurationDelegate : Bootstrapping Spring Data JPA repositories in DEFAULT mode.
2024-10-01T08:56:56.423Z  INFO 1 --- [order] [main] .s.d.r.c.RepositoryConfigurationDelegate : Finished Spring Data repository scanning in 97 ms. Found 1 JPA repository interface.
2024-10-01T08:56:57.951Z  INFO 1 --- [order] [main] o.s.b.w.embedded.tomcat.TomcatWebServer  : Tomcat initialized with port 8082 (http)
2024-10-01T08:56:58.000Z  INFO 1 --- [order] [main] o.apache.catalina.core.StandardService   : Starting service [Tomcat]
2024-10-01T08:56:58.009Z  INFO 1 --- [order] [main] o.apache.catalina.core.StandardEngine    : Starting Servlet engine: [Apache Tomcat/10.1.30]
2024-10-01T08:56:58.064Z  INFO 1 --- [order] [main] o.a.c.c.C.[Tomcat].[localhost].[/]       : Initializing Spring embedded WebApplicationContext
2024-10-01T08:56:58.065Z  INFO 1 --- [order] [main] w.s.c.ServletWebServerApplicationContext : Root WebApplicationContext: initialization completed in 5096 ms
2024-10-01T08:56:58.522Z  INFO 1 --- [order] [main] o.hibernate.jpa.internal.util.LogHelper  : HHH000204: Processing PersistenceUnitInfo [name: default]
2024-10-01T08:56:58.688Z  INFO 1 --- [order] [main] org.hibernate.Version                    : HHH000412: Hibernate ORM core version 6.5.3.Final
2024-10-01T08:56:58.842Z  INFO 1 --- [order] [main] o.h.c.internal.RegionFactoryInitiator    : HHH000026: Second-level cache disabled
2024-10-01T08:56:59.646Z  INFO 1 --- [order] [main] o.s.o.j.p.SpringPersistenceUnitInfo      : No LoadTimeWeaver setup: ignoring JPA class transformer
2024-10-01T08:56:59.696Z  INFO 1 --- [order] [main] com.zaxxer.hikari.HikariDataSource       : HikariPool-1 - Starting...
2024-10-01T08:57:00.226Z  INFO 1 --- [order] [main] com.zaxxer.hikari.pool.HikariPool        : HikariPool-1 - Added connection org.postgresql.jdbc.PgConnection@7996d0d4
2024-10-01T08:57:00.228Z  INFO 1 --- [order] [main] com.zaxxer.hikari.HikariDataSource       : HikariPool-1 - Start completed.
2024-10-01T08:57:02.188Z  INFO 1 --- [order] [main] o.h.e.t.j.p.i.JtaPlatformInitiator       : HHH000489: No JTA platform available (set 'hibernate.transaction.jta.platform' to enable JTA platform integration)
2024-10-01T08:57:02.299Z  INFO 1 --- [order] [main] j.LocalContainerEntityManagerFactoryBean : Initialized JPA EntityManagerFactory for persistence unit 'default'
2024-10-01T08:57:03.858Z  WARN 1 --- [order] [main] JpaBaseConfiguration$JpaWebConfiguration : spring.jpa.open-in-view is enabled by default. Therefore, database queries may be performed during view rendering. Explicitly configure spring.jpa.open-in-view to disable this warning
2024-10-01T08:57:04.061Z TRACE 1 --- [order] [main] s.w.s.m.m.a.RequestMappingHandlerMapping : 
	c.o.g.c.OrderController:
	{GET [/v1/api/order/{id}]}: getOrder(Long)
	{GET [/v1/api/order/all]}: getAllOrders()
	{POST [/v1/api/order/create]}: getProductOrder(OrderRequest)
2024-10-01T08:57:04.083Z TRACE 1 --- [order] [main] s.w.s.m.m.a.RequestMappingHandlerMapping : 
	o.s.b.a.w.s.e.BasicErrorController:
	{ [/error]}: error(HttpServletRequest)
	{ [/error], produces [text/html]}: errorHtml(HttpServletRequest,HttpServletResponse)
2024-10-01T08:57:04.093Z DEBUG 1 --- [order] [main] s.w.s.m.m.a.RequestMappingHandlerMapping : 5 mappings in 'requestMappingHandlerMapping'
2024-10-01T08:57:04.135Z DEBUG 1 --- [order] [main] o.s.w.s.h.BeanNameUrlHandlerMapping      : Detected 0 mappings in 'beanNameHandlerMapping'
2024-10-01T08:57:04.311Z TRACE 1 --- [order] [main] o.s.w.s.f.support.RouterFunctionMapping  : 0 RouterFunction(s) in 'routerFunctionMapping'
2024-10-01T08:57:04.333Z TRACE 1 --- [order] [main] o.s.w.s.handler.SimpleUrlHandlerMapping  : Mapped [/webjars/**] onto ResourceHttpRequestHandler [classpath [META-INF/resources/webjars/]]
2024-10-01T08:57:04.333Z TRACE 1 --- [order] [main] o.s.w.s.handler.SimpleUrlHandlerMapping  : Mapped [/**] onto ResourceHttpRequestHandler [classpath [META-INF/resources/], classpath [resources/], classpath [static/], classpath [public/], ServletContext [/]]
2024-10-01T08:57:04.334Z DEBUG 1 --- [order] [main] o.s.w.s.handler.SimpleUrlHandlerMapping  : Patterns [/webjars/**, /**] in 'resourceHandlerMapping'
2024-10-01T08:57:04.407Z DEBUG 1 --- [order] [main] s.w.s.m.m.a.RequestMappingHandlerAdapter : ControllerAdvice beans: 0 @ModelAttribute, 0 @InitBinder, 1 RequestBodyAdvice, 1 ResponseBodyAdvice
2024-10-01T08:57:04.489Z DEBUG 1 --- [order] [main] .m.m.a.ExceptionHandlerExceptionResolver : ControllerAdvice beans: 1 @ExceptionHandler, 1 ResponseBodyAdvice
2024-10-01T08:57:05.273Z  INFO 1 --- [order] [main] o.s.b.w.embedded.tomcat.TomcatWebServer  : Tomcat started on port 8082 (http) with context path '/'
2024-10-01T08:57:05.305Z  INFO 1 --- [order] [main] c.o.grpcservice.GrpcServiceApplication   : Started GrpcServiceApplication in 13.933 seconds (process running for 15.422)
2024-10-01T08:59:47.478Z  INFO 1 --- [order] [SpringApplicationShutdownHook] j.LocalContainerEntityManagerFactoryBean : Closing JPA EntityManagerFactory for persistence unit 'default'
2024-10-01T08:59:47.480Z  INFO 1 --- [order] [SpringApplicationShutdownHook] com.zaxxer.hikari.HikariDataSource       : HikariPool-1 - Shutdown initiated...
2024-10-01T08:59:47.490Z  INFO 1 --- [order] [SpringApplicationShutdownHook] com.zaxxer.hikari.HikariDataSource       : HikariPool-1 - Shutdown completed.
2024-10-01T09:00:12.458Z  INFO 1 --- [order] [main] c.o.grpcservice.GrpcServiceApplication   : Starting GrpcServiceApplication v1 using Java 21 with PID 1 (/app/order-service.jar started by root in /app)
2024-10-01T09:00:12.465Z DEBUG 1 --- [order] [main] c.o.grpcservice.GrpcServiceApplication   : Running with Spring Boot v3.3.4, Spring v6.1.13
2024-10-01T09:00:12.467Z  INFO 1 --- [order] [main] c.o.grpcservice.GrpcServiceApplication   : The following 1 profile is active: "dev"
2024-10-01T09:00:15.305Z  INFO 1 --- [order] [main] .s.d.r.c.RepositoryConfigurationDelegate : Bootstrapping Spring Data JPA repositories in DEFAULT mode.
2024-10-01T09:00:15.476Z  INFO 1 --- [order] [main] .s.d.r.c.RepositoryConfigurationDelegate : Finished Spring Data repository scanning in 162 ms. Found 1 JPA repository interface.
2024-10-01T09:00:17.145Z  INFO 1 --- [order] [main] o.s.b.w.embedded.tomcat.TomcatWebServer  : Tomcat initialized with port 8082 (http)
2024-10-01T09:00:17.220Z  INFO 1 --- [order] [main] o.apache.catalina.core.StandardService   : Starting service [Tomcat]
2024-10-01T09:00:17.229Z  INFO 1 --- [order] [main] o.apache.catalina.core.StandardEngine    : Starting Servlet engine: [Apache Tomcat/10.1.30]
2024-10-01T09:00:17.322Z  INFO 1 --- [order] [main] o.a.c.c.C.[Tomcat].[localhost].[/]       : Initializing Spring embedded WebApplicationContext
2024-10-01T09:00:17.323Z  INFO 1 --- [order] [main] w.s.c.ServletWebServerApplicationContext : Root WebApplicationContext: initialization completed in 4716 ms
2024-10-01T09:00:17.834Z  INFO 1 --- [order] [main] o.hibernate.jpa.internal.util.LogHelper  : HHH000204: Processing PersistenceUnitInfo [name: default]
2024-10-01T09:00:17.966Z  INFO 1 --- [order] [main] org.hibernate.Version                    : HHH000412: Hibernate ORM core version 6.5.3.Final
2024-10-01T09:00:18.080Z  INFO 1 --- [order] [main] o.h.c.internal.RegionFactoryInitiator    : HHH000026: Second-level cache disabled
2024-10-01T09:00:18.859Z  INFO 1 --- [order] [main] o.s.o.j.p.SpringPersistenceUnitInfo      : No LoadTimeWeaver setup: ignoring JPA class transformer
2024-10-01T09:00:18.955Z  INFO 1 --- [order] [main] com.zaxxer.hikari.HikariDataSource       : HikariPool-1 - Starting...
2024-10-01T09:00:19.534Z  INFO 1 --- [order] [main] com.zaxxer.hikari.pool.HikariPool        : HikariPool-1 - Added connection org.postgresql.jdbc.PgConnection@368424db
2024-10-01T09:00:19.537Z  INFO 1 --- [order] [main] com.zaxxer.hikari.HikariDataSource       : HikariPool-1 - Start completed.
2024-10-01T09:00:21.090Z  INFO 1 --- [order] [main] o.h.e.t.j.p.i.JtaPlatformInitiator       : HHH000489: No JTA platform available (set 'hibernate.transaction.jta.platform' to enable JTA platform integration)
2024-10-01T09:00:21.167Z  INFO 1 --- [order] [main] j.LocalContainerEntityManagerFactoryBean : Initialized JPA EntityManagerFactory for persistence unit 'default'
2024-10-01T09:00:22.319Z  WARN 1 --- [order] [main] JpaBaseConfiguration$JpaWebConfiguration : spring.jpa.open-in-view is enabled by default. Therefore, database queries may be performed during view rendering. Explicitly configure spring.jpa.open-in-view to disable this warning
2024-10-01T09:00:22.502Z TRACE 1 --- [order] [main] s.w.s.m.m.a.RequestMappingHandlerMapping : 
	c.o.g.c.OrderController:
	{GET [/v1/api/order/{id}]}: getOrder(Long)
	{POST [/v1/api/order/create]}: getProductOrder(OrderRequest)
	{GET [/v1/api/order/all]}: getAllOrders()
2024-10-01T09:00:22.524Z TRACE 1 --- [order] [main] s.w.s.m.m.a.RequestMappingHandlerMapping : 
	o.s.b.a.w.s.e.BasicErrorController:
	{ [/error]}: error(HttpServletRequest)
	{ [/error], produces [text/html]}: errorHtml(HttpServletRequest,HttpServletResponse)
2024-10-01T09:00:22.540Z DEBUG 1 --- [order] [main] s.w.s.m.m.a.RequestMappingHandlerMapping : 5 mappings in 'requestMappingHandlerMapping'
2024-10-01T09:00:22.557Z DEBUG 1 --- [order] [main] o.s.w.s.h.BeanNameUrlHandlerMapping      : Detected 0 mappings in 'beanNameHandlerMapping'
2024-10-01T09:00:22.660Z TRACE 1 --- [order] [main] o.s.w.s.f.support.RouterFunctionMapping  : 0 RouterFunction(s) in 'routerFunctionMapping'
2024-10-01T09:00:22.675Z TRACE 1 --- [order] [main] o.s.w.s.handler.SimpleUrlHandlerMapping  : Mapped [/webjars/**] onto ResourceHttpRequestHandler [classpath [META-INF/resources/webjars/]]
2024-10-01T09:00:22.677Z TRACE 1 --- [order] [main] o.s.w.s.handler.SimpleUrlHandlerMapping  : Mapped [/**] onto ResourceHttpRequestHandler [classpath [META-INF/resources/], classpath [resources/], classpath [static/], classpath [public/], ServletContext [/]]
2024-10-01T09:00:22.677Z DEBUG 1 --- [order] [main] o.s.w.s.handler.SimpleUrlHandlerMapping  : Patterns [/webjars/**, /**] in 'resourceHandlerMapping'
2024-10-01T09:00:22.724Z DEBUG 1 --- [order] [main] s.w.s.m.m.a.RequestMappingHandlerAdapter : ControllerAdvice beans: 0 @ModelAttribute, 0 @InitBinder, 1 RequestBodyAdvice, 1 ResponseBodyAdvice
2024-10-01T09:00:22.805Z DEBUG 1 --- [order] [main] .m.m.a.ExceptionHandlerExceptionResolver : ControllerAdvice beans: 1 @ExceptionHandler, 1 ResponseBodyAdvice
2024-10-01T09:00:23.160Z  INFO 1 --- [order] [main] o.s.b.w.embedded.tomcat.TomcatWebServer  : Tomcat started on port 8082 (http) with context path '/'
2024-10-01T09:00:23.174Z  INFO 1 --- [order] [main] c.o.grpcservice.GrpcServiceApplication   : Started GrpcServiceApplication in 12.169 seconds (process running for 13.911)
2024-10-01T09:00:25.144Z  INFO 1 --- [order] [http-nio-8082-exec-1] o.a.c.c.C.[Tomcat].[localhost].[/]       : Initializing Spring DispatcherServlet 'dispatcherServlet'
2024-10-01T09:00:25.145Z  INFO 1 --- [order] [http-nio-8082-exec-1] o.s.web.servlet.DispatcherServlet        : Initializing Servlet 'dispatcherServlet'
2024-10-01T09:00:25.146Z TRACE 1 --- [order] [http-nio-8082-exec-1] o.s.web.servlet.DispatcherServlet        : Detected org.springframework.web.multipart.support.StandardServletMultipartResolver@5a644d75
2024-10-01T09:00:25.147Z TRACE 1 --- [order] [http-nio-8082-exec-1] o.s.web.servlet.DispatcherServlet        : Detected org.springframework.web.servlet.i18n.AcceptHeaderLocaleResolver@639bf405
2024-10-01T09:00:25.147Z TRACE 1 --- [order] [http-nio-8082-exec-1] o.s.web.servlet.DispatcherServlet        : Detected org.springframework.web.servlet.theme.FixedThemeResolver@7205a8b7
2024-10-01T09:00:25.149Z TRACE 1 --- [order] [http-nio-8082-exec-1] o.s.web.servlet.DispatcherServlet        : Detected DefaultRequestToViewNameTranslator
2024-10-01T09:00:25.150Z TRACE 1 --- [order] [http-nio-8082-exec-1] o.s.web.servlet.DispatcherServlet        : Detected SessionFlashMapManager
2024-10-01T09:00:25.151Z DEBUG 1 --- [order] [http-nio-8082-exec-1] o.s.web.servlet.DispatcherServlet        : enableLoggingRequestDetails='false': request parameters and headers will be masked to prevent unsafe logging of potentially sensitive data
2024-10-01T09:00:25.151Z  INFO 1 --- [order] [http-nio-8082-exec-1] o.s.web.servlet.DispatcherServlet        : Completed initialization in 5 ms
2024-10-01T09:00:25.162Z TRACE 1 --- [order] [http-nio-8082-exec-1] o.s.web.servlet.DispatcherServlet        : GET "/v1/api/order/2", parameters={}, headers={masked} in DispatcherServlet 'dispatcherServlet'
2024-10-01T09:00:25.177Z TRACE 1 --- [order] [http-nio-8082-exec-1] s.w.s.m.m.a.RequestMappingHandlerMapping : Mapped to com.ojasare.grpcservice.controller.OrderController#getOrder(Long)
2024-10-01T09:00:25.201Z TRACE 1 --- [order] [http-nio-8082-exec-1] o.s.web.method.HandlerMethod             : Arguments: [2]
2024-10-01T09:00:25.336Z DEBUG 1 --- [order] [http-nio-8082-exec-1] o.s.w.s.m.m.a.HttpEntityMethodProcessor  : Using 'application/json;q=0.8', given [text/html, application/xhtml+xml, image/avif, image/webp, image/apng, application/xml;q=0.9, */*;q=0.8] and supported [application/json, application/*+json]
2024-10-01T09:00:25.343Z TRACE 1 --- [order] [http-nio-8082-exec-1] o.s.w.s.m.m.a.HttpEntityMethodProcessor  : Writing [OrderResponse[id=2, name=Wireless Headphones, description=Noise-cancelling over-ear wireless headphones with 20-hour battery life., price=299.99, customerName=Samuel Amo, quantity=3, totalPrice=899.97]]
2024-10-01T09:00:25.361Z TRACE 1 --- [order] [http-nio-8082-exec-1] s.w.s.m.m.a.RequestMappingHandlerAdapter : Applying default cacheSeconds=-1
2024-10-01T09:00:25.361Z TRACE 1 --- [order] [http-nio-8082-exec-1] o.s.web.servlet.DispatcherServlet        : No view rendering, null ModelAndView returned.
2024-10-01T09:00:25.367Z DEBUG 1 --- [order] [http-nio-8082-exec-1] o.s.web.servlet.DispatcherServlet        : Completed 200 OK, headers={masked}
2024-10-01T09:10:11.474Z TRACE 1 --- [order] [http-nio-8082-exec-3] o.s.web.servlet.DispatcherServlet        : POST "/v1/api/order/create", parameters={}, headers={masked} in DispatcherServlet 'dispatcherServlet'
2024-10-01T09:10:11.475Z TRACE 1 --- [order] [http-nio-8082-exec-3] s.w.s.m.m.a.RequestMappingHandlerMapping : Mapped to com.ojasare.grpcservice.controller.OrderController#getProductOrder(OrderRequest)
2024-10-01T09:10:11.546Z TRACE 1 --- [order] [http-nio-8082-exec-3] m.m.a.RequestResponseBodyMethodProcessor : Read "application/json;charset=UTF-8" to [OrderRequest[productId=2, customerName=Elisha Duah, quantity=18]]
2024-10-01T09:10:11.547Z TRACE 1 --- [order] [http-nio-8082-exec-3] o.s.web.method.HandlerMethod             : Arguments: [OrderRequest[productId=2, customerName=Elisha Duah, quantity=18]]
2024-10-01T09:10:12.357Z DEBUG 1 --- [order] [http-nio-8082-exec-3] o.s.w.s.m.m.a.HttpEntityMethodProcessor  : Using 'text/plain', given [*/*] and supported [text/plain, */*, application/json, application/*+json]
2024-10-01T09:10:12.357Z TRACE 1 --- [order] [http-nio-8082-exec-3] o.s.w.s.m.m.a.HttpEntityMethodProcessor  : Writing ["{
  "id": "2",
  "name": "Wireless Headphones",
  "description": "Noise-cancelling over-ear wireless headphones with 20-hour battery life.",
  "price": 299.99
}"]
2024-10-01T09:10:12.362Z TRACE 1 --- [order] [http-nio-8082-exec-3] s.w.s.m.m.a.RequestMappingHandlerAdapter : Applying default cacheSeconds=-1
2024-10-01T09:10:12.365Z TRACE 1 --- [order] [http-nio-8082-exec-3] o.s.web.servlet.DispatcherServlet        : No view rendering, null ModelAndView returned.
2024-10-01T09:10:12.366Z DEBUG 1 --- [order] [http-nio-8082-exec-3] o.s.web.servlet.DispatcherServlet        : Completed 200 OK, headers={masked}
2024-10-01T09:10:20.874Z TRACE 1 --- [order] [http-nio-8082-exec-4] o.s.web.servlet.DispatcherServlet        : GET "/v1/api/order/all", parameters={}, headers={masked} in DispatcherServlet 'dispatcherServlet'
2024-10-01T09:10:20.875Z TRACE 1 --- [order] [http-nio-8082-exec-4] s.w.s.m.m.a.RequestMappingHandlerMapping : Mapped to com.ojasare.grpcservice.controller.OrderController#getAllOrders()
2024-10-01T09:10:20.876Z TRACE 1 --- [order] [http-nio-8082-exec-4] o.s.web.method.HandlerMethod             : Arguments: []
2024-10-01T09:10:20.975Z DEBUG 1 --- [order] [http-nio-8082-exec-4] o.s.w.s.m.m.a.HttpEntityMethodProcessor  : Using 'application/json;q=0.8', given [text/html, application/xhtml+xml, image/avif, image/webp, image/apng, application/xml;q=0.9, */*;q=0.8] and supported [application/json, application/*+json]
2024-10-01T09:10:20.976Z TRACE 1 --- [order] [http-nio-8082-exec-4] o.s.w.s.m.m.a.HttpEntityMethodProcessor  : Writing [[OrderResponse[id=1, name=Smartwatch Series 7, description=A waterproof smartwatch with heart rate monitoring and GPS., price=350.0, customerName=Thomas Darko, quantity=15, totalPrice=5250.0], OrderResponse[id=2, name=Wireless Headphones, description=Noise-cancelling over-ear wireless headphones with 20-hour battery life., price=299.99, customerName=Samuel Amo, quantity=3, totalPrice=899.97], OrderResponse[id=3, name=Gaming Laptop Pro, description=A powerful gaming laptop with 32GB RAM, 1TB SSD, and an RTX 3080 GPU., price=4000.0, customerName=Dennis Owusu, quantity=25, totalPrice=100000.0], OrderResponse[id=4, name=Asus Laptop Pro, description=A powerful gaming laptop with 32GB RAM, 1TB SSD, and an RTX 3080 GPU., price=5000.0, customerName=Redeemer Gyamfi, quantity=10, totalPrice=50000.0], OrderResponse[id=5, name=Wireless Headphones, description=Noise-cancelling over-ear wireless headphones with 20-hour battery life., price=299.99, customerName=Elisha Duah, quantity=18, totalPrice=5399.82]]]
2024-10-01T09:10:20.978Z TRACE 1 --- [order] [http-nio-8082-exec-4] s.w.s.m.m.a.RequestMappingHandlerAdapter : Applying default cacheSeconds=-1
2024-10-01T09:10:20.978Z TRACE 1 --- [order] [http-nio-8082-exec-4] o.s.web.servlet.DispatcherServlet        : No view rendering, null ModelAndView returned.
2024-10-01T09:10:20.979Z DEBUG 1 --- [order] [http-nio-8082-exec-4] o.s.web.servlet.DispatcherServlet        : Completed 200 OK, headers={masked}
2024-10-01T09:11:07.161Z TRACE 1 --- [order] [http-nio-8082-exec-6] o.s.web.servlet.DispatcherServlet        : GET "/v1/api/order/all", parameters={}, headers={masked} in DispatcherServlet 'dispatcherServlet'
2024-10-01T09:11:07.162Z TRACE 1 --- [order] [http-nio-8082-exec-6] s.w.s.m.m.a.RequestMappingHandlerMapping : Mapped to com.ojasare.grpcservice.controller.OrderController#getAllOrders()
2024-10-01T09:11:07.162Z TRACE 1 --- [order] [http-nio-8082-exec-6] o.s.web.method.HandlerMethod             : Arguments: []
2024-10-01T09:11:07.167Z DEBUG 1 --- [order] [http-nio-8082-exec-6] o.s.w.s.m.m.a.HttpEntityMethodProcessor  : Using 'application/json', given [*/*] and supported [application/json, application/*+json]
2024-10-01T09:11:07.168Z TRACE 1 --- [order] [http-nio-8082-exec-6] o.s.w.s.m.m.a.HttpEntityMethodProcessor  : Writing [[OrderResponse[id=1, name=Smartwatch Series 7, description=A waterproof smartwatch with heart rate monitoring and GPS., price=350.0, customerName=Thomas Darko, quantity=15, totalPrice=5250.0], OrderResponse[id=2, name=Wireless Headphones, description=Noise-cancelling over-ear wireless headphones with 20-hour battery life., price=299.99, customerName=Samuel Amo, quantity=3, totalPrice=899.97], OrderResponse[id=3, name=Gaming Laptop Pro, description=A powerful gaming laptop with 32GB RAM, 1TB SSD, and an RTX 3080 GPU., price=4000.0, customerName=Dennis Owusu, quantity=25, totalPrice=100000.0], OrderResponse[id=4, name=Asus Laptop Pro, description=A powerful gaming laptop with 32GB RAM, 1TB SSD, and an RTX 3080 GPU., price=5000.0, customerName=Redeemer Gyamfi, quantity=10, totalPrice=50000.0], OrderResponse[id=5, name=Wireless Headphones, description=Noise-cancelling over-ear wireless headphones with 20-hour battery life., price=299.99, customerName=Elisha Duah, quantity=18, totalPrice=5399.82]]]
2024-10-01T09:11:07.170Z TRACE 1 --- [order] [http-nio-8082-exec-6] s.w.s.m.m.a.RequestMappingHandlerAdapter : Applying default cacheSeconds=-1
2024-10-01T09:11:07.170Z TRACE 1 --- [order] [http-nio-8082-exec-6] o.s.web.servlet.DispatcherServlet        : No view rendering, null ModelAndView returned.
2024-10-01T09:11:07.171Z DEBUG 1 --- [order] [http-nio-8082-exec-6] o.s.web.servlet.DispatcherServlet        : Completed 200 OK, headers={masked}
2024-10-01T09:11:13.930Z TRACE 1 --- [order] [http-nio-8082-exec-7] o.s.web.servlet.DispatcherServlet        : GET "/v1/api/order/5", parameters={}, headers={masked} in DispatcherServlet 'dispatcherServlet'
2024-10-01T09:11:13.932Z TRACE 1 --- [order] [http-nio-8082-exec-7] s.w.s.m.m.a.RequestMappingHandlerMapping : Mapped to com.ojasare.grpcservice.controller.OrderController#getOrder(Long)
2024-10-01T09:11:13.932Z TRACE 1 --- [order] [http-nio-8082-exec-7] o.s.web.method.HandlerMethod             : Arguments: [5]
2024-10-01T09:11:13.935Z DEBUG 1 --- [order] [http-nio-8082-exec-7] o.s.w.s.m.m.a.HttpEntityMethodProcessor  : Using 'application/json', given [*/*] and supported [application/json, application/*+json]
2024-10-01T09:11:13.936Z TRACE 1 --- [order] [http-nio-8082-exec-7] o.s.w.s.m.m.a.HttpEntityMethodProcessor  : Writing [OrderResponse[id=5, name=Wireless Headphones, description=Noise-cancelling over-ear wireless headphones with 20-hour battery life., price=299.99, customerName=Elisha Duah, quantity=18, totalPrice=5399.82]]
2024-10-01T09:11:13.937Z TRACE 1 --- [order] [http-nio-8082-exec-7] s.w.s.m.m.a.RequestMappingHandlerAdapter : Applying default cacheSeconds=-1
2024-10-01T09:11:13.938Z TRACE 1 --- [order] [http-nio-8082-exec-7] o.s.web.servlet.DispatcherServlet        : No view rendering, null ModelAndView returned.
2024-10-01T09:11:13.938Z DEBUG 1 --- [order] [http-nio-8082-exec-7] o.s.web.servlet.DispatcherServlet        : Completed 200 OK, headers={masked}
2024-10-01T09:11:18.214Z TRACE 1 --- [order] [http-nio-8082-exec-8] o.s.web.servlet.DispatcherServlet        : GET "/v1/api/order/6", parameters={}, headers={masked} in DispatcherServlet 'dispatcherServlet'
2024-10-01T09:11:18.214Z TRACE 1 --- [order] [http-nio-8082-exec-8] s.w.s.m.m.a.RequestMappingHandlerMapping : Mapped to com.ojasare.grpcservice.controller.OrderController#getOrder(Long)
2024-10-01T09:11:18.215Z TRACE 1 --- [order] [http-nio-8082-exec-8] o.s.web.method.HandlerMethod             : Arguments: [6]
2024-10-01T09:11:18.220Z DEBUG 1 --- [order] [http-nio-8082-exec-8] .m.m.a.ExceptionHandlerExceptionResolver : Using @ExceptionHandler com.ojasare.grpcservice.exception.GlobalExceptionHandler#handleNotFoundException(NotFoundException)
2024-10-01T09:11:18.221Z TRACE 1 --- [order] [http-nio-8082-exec-8] o.s.web.method.HandlerMethod             : Arguments: [com.ojasare.grpcservice.exception.NotFoundException: Order with id 6 not found]
2024-10-01T09:11:18.222Z DEBUG 1 --- [order] [http-nio-8082-exec-8] o.s.w.s.m.m.a.HttpEntityMethodProcessor  : Using 'text/plain', given [*/*] and supported [text/plain, */*, application/json, application/*+json]
2024-10-01T09:11:18.223Z TRACE 1 --- [order] [http-nio-8082-exec-8] o.s.w.s.m.m.a.HttpEntityMethodProcessor  : Writing ["Order with id 6 not found"]
2024-10-01T09:11:18.225Z DEBUG 1 --- [order] [http-nio-8082-exec-8] .m.m.a.ExceptionHandlerExceptionResolver : Resolved [com.ojasare.grpcservice.exception.NotFoundException: Order with id 6 not found]
2024-10-01T09:11:18.226Z TRACE 1 --- [order] [http-nio-8082-exec-8] o.s.web.servlet.DispatcherServlet        : No view rendering, null ModelAndView returned.
2024-10-01T09:11:18.226Z DEBUG 1 --- [order] [http-nio-8082-exec-8] o.s.web.servlet.DispatcherServlet        : Completed 404 NOT_FOUND, headers={masked}
2024-10-01T09:11:35.553Z TRACE 1 --- [order] [http-nio-8082-exec-9] o.s.web.servlet.DispatcherServlet        : POST "/v1/api/order/create", parameters={}, headers={masked} in DispatcherServlet 'dispatcherServlet'
2024-10-01T09:11:35.554Z TRACE 1 --- [order] [http-nio-8082-exec-9] s.w.s.m.m.a.RequestMappingHandlerMapping : Mapped to com.ojasare.grpcservice.controller.OrderController#getProductOrder(OrderRequest)
2024-10-01T09:11:35.555Z TRACE 1 --- [order] [http-nio-8082-exec-9] m.m.a.RequestResponseBodyMethodProcessor : Read "application/json;charset=UTF-8" to [OrderRequest[productId=3, customerName=Kwaku Duah, quantity=10]]
2024-10-01T09:11:35.556Z TRACE 1 --- [order] [http-nio-8082-exec-9] o.s.web.method.HandlerMethod             : Arguments: [OrderRequest[productId=3, customerName=Kwaku Duah, quantity=10]]
2024-10-01T09:11:35.588Z DEBUG 1 --- [order] [http-nio-8082-exec-9] o.s.w.s.m.m.a.HttpEntityMethodProcessor  : Using 'text/plain', given [*/*] and supported [text/plain, */*, application/json, application/*+json]
2024-10-01T09:11:35.588Z TRACE 1 --- [order] [http-nio-8082-exec-9] o.s.w.s.m.m.a.HttpEntityMethodProcessor  : Writing ["{
  "id": "3",
  "name": "Gaming Laptop Pro",
  "description": "A powerful gaming laptop with 32GB RAM, 1TB SSD, and an RTX 3080 GPU.",
  "price": 4000.0
}"]
2024-10-01T09:11:35.589Z TRACE 1 --- [order] [http-nio-8082-exec-9] s.w.s.m.m.a.RequestMappingHandlerAdapter : Applying default cacheSeconds=-1
2024-10-01T09:11:35.589Z TRACE 1 --- [order] [http-nio-8082-exec-9] o.s.web.servlet.DispatcherServlet        : No view rendering, null ModelAndView returned.
2024-10-01T09:11:35.590Z DEBUG 1 --- [order] [http-nio-8082-exec-9] o.s.web.servlet.DispatcherServlet        : Completed 200 OK, headers={masked}
2024-10-01T09:11:44.378Z TRACE 1 --- [order] [http-nio-8082-exec-10] o.s.web.servlet.DispatcherServlet        : GET "/v1/api/order/6", parameters={}, headers={masked} in DispatcherServlet 'dispatcherServlet'
2024-10-01T09:11:44.379Z TRACE 1 --- [order] [http-nio-8082-exec-10] s.w.s.m.m.a.RequestMappingHandlerMapping : Mapped to com.ojasare.grpcservice.controller.OrderController#getOrder(Long)
2024-10-01T09:11:44.379Z TRACE 1 --- [order] [http-nio-8082-exec-10] o.s.web.method.HandlerMethod             : Arguments: [6]
2024-10-01T09:11:44.383Z DEBUG 1 --- [order] [http-nio-8082-exec-10] o.s.w.s.m.m.a.HttpEntityMethodProcessor  : Using 'application/json', given [*/*] and supported [application/json, application/*+json]
2024-10-01T09:11:44.384Z TRACE 1 --- [order] [http-nio-8082-exec-10] o.s.w.s.m.m.a.HttpEntityMethodProcessor  : Writing [OrderResponse[id=6, name=Gaming Laptop Pro, description=A powerful gaming laptop with 32GB RAM, 1TB SSD, and an RTX 3080 GPU., price=4000.0, customerName=Kwaku Duah, quantity=10, totalPrice=40000.0]]
2024-10-01T09:11:44.385Z TRACE 1 --- [order] [http-nio-8082-exec-10] s.w.s.m.m.a.RequestMappingHandlerAdapter : Applying default cacheSeconds=-1
2024-10-01T09:11:44.385Z TRACE 1 --- [order] [http-nio-8082-exec-10] o.s.web.servlet.DispatcherServlet        : No view rendering, null ModelAndView returned.
2024-10-01T09:11:44.385Z DEBUG 1 --- [order] [http-nio-8082-exec-10] o.s.web.servlet.DispatcherServlet        : Completed 200 OK, headers={masked}
2024-10-01T09:11:57.569Z TRACE 1 --- [order] [http-nio-8082-exec-1] o.s.web.servlet.DispatcherServlet        : GET "/v1/api/order/all", parameters={}, headers={masked} in DispatcherServlet 'dispatcherServlet'
2024-10-01T09:11:57.576Z TRACE 1 --- [order] [http-nio-8082-exec-1] s.w.s.m.m.a.RequestMappingHandlerMapping : Mapped to com.ojasare.grpcservice.controller.OrderController#getAllOrders()
2024-10-01T09:11:57.587Z TRACE 1 --- [order] [http-nio-8082-exec-1] o.s.web.method.HandlerMethod             : Arguments: []
2024-10-01T09:11:57.592Z DEBUG 1 --- [order] [http-nio-8082-exec-1] o.s.w.s.m.m.a.HttpEntityMethodProcessor  : Using 'application/json;q=0.8', given [text/html, application/xhtml+xml, image/avif, image/webp, image/apng, application/xml;q=0.9, */*;q=0.8] and supported [application/json, application/*+json]
2024-10-01T09:11:57.593Z TRACE 1 --- [order] [http-nio-8082-exec-1] o.s.w.s.m.m.a.HttpEntityMethodProcessor  : Writing [[OrderResponse[id=1, name=Smartwatch Series 7, description=A waterproof smartwatch with heart rate monitoring and GPS., price=350.0, customerName=Thomas Darko, quantity=15, totalPrice=5250.0], OrderResponse[id=2, name=Wireless Headphones, description=Noise-cancelling over-ear wireless headphones with 20-hour battery life., price=299.99, customerName=Samuel Amo, quantity=3, totalPrice=899.97], OrderResponse[id=3, name=Gaming Laptop Pro, description=A powerful gaming laptop with 32GB RAM, 1TB SSD, and an RTX 3080 GPU., price=4000.0, customerName=Dennis Owusu, quantity=25, totalPrice=100000.0], OrderResponse[id=4, name=Asus Laptop Pro, description=A powerful gaming laptop with 32GB RAM, 1TB SSD, and an RTX 3080 GPU., price=5000.0, customerName=Redeemer Gyamfi, quantity=10, totalPrice=50000.0], OrderResponse[id=5, name=Wireless Headphones, description=Noise-cancelling over-ear wireless headphones with 20-hour battery life., price=299.99, customerName=Elisha Duah, quantity=18, totalPrice=5399.82], OrderResponse[id=6, name=Gaming Laptop Pro, description=A powerful gaming laptop with 32GB RAM, 1TB SSD, and an RTX 3080 GPU., price=4000.0, customerName=Kwaku Duah, quantity=10, totalPrice=40000.0]]]
2024-10-01T09:11:57.594Z TRACE 1 --- [order] [http-nio-8082-exec-1] s.w.s.m.m.a.RequestMappingHandlerAdapter : Applying default cacheSeconds=-1
2024-10-01T09:11:57.595Z TRACE 1 --- [order] [http-nio-8082-exec-1] o.s.web.servlet.DispatcherServlet        : No view rendering, null ModelAndView returned.
2024-10-01T09:11:57.596Z DEBUG 1 --- [order] [http-nio-8082-exec-1] o.s.web.servlet.DispatcherServlet        : Completed 200 OK, headers={masked}
2024-10-01T09:21:04.870Z  INFO 1 --- [order] [SpringApplicationShutdownHook] j.LocalContainerEntityManagerFactoryBean : Closing JPA EntityManagerFactory for persistence unit 'default'
2024-10-01T09:21:04.872Z  INFO 1 --- [order] [SpringApplicationShutdownHook] com.zaxxer.hikari.HikariDataSource       : HikariPool-1 - Shutdown initiated...
2024-10-01T09:21:04.880Z  INFO 1 --- [order] [SpringApplicationShutdownHook] com.zaxxer.hikari.HikariDataSource       : HikariPool-1 - Shutdown completed.
