2024-10-01T02:59:20.847Z  WARN 1 --- [product] [HikariPool-1 housekeeper] com.zaxxer.hikari.pool.HikariPool        : HikariPool-1 - Thread starvation or clock leap detected (housekeeper delta=4h41m31s80ms976µs246ns).
2024-10-01T06:43:39.854Z  WARN 1 --- [product] [HikariPool-1 housekeeper] com.zaxxer.hikari.pool.HikariPool        : HikariPool-1 - Thread starvation or clock leap detected (housekeeper delta=3h44m19s7ms719µs179ns).
2024-10-01T06:54:36.636Z  WARN 1 --- [product] [HikariPool-1 housekeeper] com.zaxxer.hikari.pool.HikariPool        : HikariPool-1 - Thread starvation or clock leap detected (housekeeper delta=10m56s781ms897µs356ns).
2024-10-01T06:55:22.910Z  WARN 1 --- [product] [HikariPool-1 housekeeper] com.zaxxer.hikari.pool.HikariPool        : HikariPool-1 - Thread starvation or clock leap detected (housekeeper delta=46s274ms196µs759ns).
2024-10-01T08:41:14.108Z  WARN 1 --- [product] [HikariPool-1 housekeeper] com.zaxxer.hikari.pool.HikariPool        : HikariPool-1 - Thread starvation or clock leap detected (housekeeper delta=1h45m51s197ms532µs436ns).
2024-10-01T08:51:33.405Z  INFO 1 --- [product] [SpringApplicationShutdownHook] n.d.b.g.s.s.GrpcServerLifecycle          : Completed gRPC server shutdown
2024-10-01T08:51:33.411Z  INFO 1 --- [product] [SpringApplicationShutdownHook] j.LocalContainerEntityManagerFactoryBean : Closing JPA EntityManagerFactory for persistence unit 'default'
2024-10-01T08:51:33.414Z  INFO 1 --- [product] [SpringApplicationShutdownHook] com.zaxxer.hikari.HikariDataSource       : HikariPool-1 - Shutdown initiated...
2024-10-01T08:51:33.423Z  INFO 1 --- [product] [SpringApplicationShutdownHook] com.zaxxer.hikari.HikariDataSource       : HikariPool-1 - Shutdown completed.
2024-10-01T08:56:52.430Z  INFO 1 --- [product] [main] com.ojasare.product.ProductApplication   : Starting ProductApplication v1 using Java 21 with PID 1 (/app/product.jar started by root in /app)
2024-10-01T08:56:52.450Z  INFO 1 --- [product] [main] com.ojasare.product.ProductApplication   : The following 1 profile is active: "dev"
2024-10-01T08:56:55.503Z  INFO 1 --- [product] [main] .s.d.r.c.RepositoryConfigurationDelegate : Bootstrapping Spring Data JPA repositories in DEFAULT mode.
2024-10-01T08:56:55.745Z  INFO 1 --- [product] [main] .s.d.r.c.RepositoryConfigurationDelegate : Finished Spring Data repository scanning in 223 ms. Found 1 JPA repository interface.
2024-10-01T08:56:57.466Z  INFO 1 --- [product] [main] o.s.b.w.embedded.tomcat.TomcatWebServer  : Tomcat initialized with port 8081 (http)
2024-10-01T08:56:57.517Z  INFO 1 --- [product] [main] o.apache.catalina.core.StandardService   : Starting service [Tomcat]
2024-10-01T08:56:57.532Z  INFO 1 --- [product] [main] o.apache.catalina.core.StandardEngine    : Starting Servlet engine: [Apache Tomcat/10.1.30]
2024-10-01T08:56:57.664Z  INFO 1 --- [product] [main] o.a.c.c.C.[Tomcat].[localhost].[/]       : Initializing Spring embedded WebApplicationContext
2024-10-01T08:56:57.675Z  INFO 1 --- [product] [main] w.s.c.ServletWebServerApplicationContext : Root WebApplicationContext: initialization completed in 5063 ms
2024-10-01T08:56:58.195Z  INFO 1 --- [product] [main] o.hibernate.jpa.internal.util.LogHelper  : HHH000204: Processing PersistenceUnitInfo [name: default]
2024-10-01T08:56:58.373Z  INFO 1 --- [product] [main] org.hibernate.Version                    : HHH000412: Hibernate ORM core version 6.5.3.Final
2024-10-01T08:56:58.498Z  INFO 1 --- [product] [main] o.h.c.internal.RegionFactoryInitiator    : HHH000026: Second-level cache disabled
2024-10-01T08:56:59.431Z  INFO 1 --- [product] [main] o.s.o.j.p.SpringPersistenceUnitInfo      : No LoadTimeWeaver setup: ignoring JPA class transformer
2024-10-01T08:56:59.495Z  INFO 1 --- [product] [main] com.zaxxer.hikari.HikariDataSource       : HikariPool-1 - Starting...
2024-10-01T08:57:00.173Z  INFO 1 --- [product] [main] com.zaxxer.hikari.pool.HikariPool        : HikariPool-1 - Added connection org.postgresql.jdbc.PgConnection@4ced17f3
2024-10-01T08:57:00.176Z  INFO 1 --- [product] [main] com.zaxxer.hikari.HikariDataSource       : HikariPool-1 - Start completed.
2024-10-01T08:57:02.509Z  INFO 1 --- [product] [main] o.h.e.t.j.p.i.JtaPlatformInitiator       : HHH000489: No JTA platform available (set 'hibernate.transaction.jta.platform' to enable JTA platform integration)
2024-10-01T08:57:02.606Z  INFO 1 --- [product] [main] j.LocalContainerEntityManagerFactoryBean : Initialized JPA EntityManagerFactory for persistence unit 'default'
2024-10-01T08:57:03.378Z  WARN 1 --- [product] [main] JpaBaseConfiguration$JpaWebConfiguration : spring.jpa.open-in-view is enabled by default. Therefore, database queries may be performed during view rendering. Explicitly configure spring.jpa.open-in-view to disable this warning
2024-10-01T08:57:03.520Z TRACE 1 --- [product] [main] s.w.s.m.m.a.RequestMappingHandlerMapping : 
	c.o.p.c.ProductController:
	{POST [/v1/api/product/create]}: createProduct(ProductRequest)
	{GET [/v1/api/product/{id}]}: getProduct(Long)
	{GET [/v1/api/product/all]}: getAllProducts()
	{PUT [/v1/api/product/update/{id}]}: updateProduct(Long,ProductRequest)
2024-10-01T08:57:03.538Z TRACE 1 --- [product] [main] s.w.s.m.m.a.RequestMappingHandlerMapping : 
	o.s.b.a.w.s.e.BasicErrorController:
	{ [/error]}: error(HttpServletRequest)
	{ [/error], produces [text/html]}: errorHtml(HttpServletRequest,HttpServletResponse)
2024-10-01T08:57:03.546Z DEBUG 1 --- [product] [main] s.w.s.m.m.a.RequestMappingHandlerMapping : 6 mappings in 'requestMappingHandlerMapping'
2024-10-01T08:57:03.573Z DEBUG 1 --- [product] [main] o.s.w.s.h.BeanNameUrlHandlerMapping      : Detected 0 mappings in 'beanNameHandlerMapping'
2024-10-01T08:57:03.690Z TRACE 1 --- [product] [main] o.s.w.s.f.support.RouterFunctionMapping  : 0 RouterFunction(s) in 'routerFunctionMapping'
2024-10-01T08:57:03.707Z TRACE 1 --- [product] [main] o.s.w.s.handler.SimpleUrlHandlerMapping  : Mapped [/webjars/**] onto ResourceHttpRequestHandler [classpath [META-INF/resources/webjars/]]
2024-10-01T08:57:03.709Z TRACE 1 --- [product] [main] o.s.w.s.handler.SimpleUrlHandlerMapping  : Mapped [/**] onto ResourceHttpRequestHandler [classpath [META-INF/resources/], classpath [resources/], classpath [static/], classpath [public/], ServletContext [/]]
2024-10-01T08:57:03.710Z DEBUG 1 --- [product] [main] o.s.w.s.handler.SimpleUrlHandlerMapping  : Patterns [/webjars/**, /**] in 'resourceHandlerMapping'
2024-10-01T08:57:03.790Z DEBUG 1 --- [product] [main] s.w.s.m.m.a.RequestMappingHandlerAdapter : ControllerAdvice beans: 0 @ModelAttribute, 0 @InitBinder, 1 RequestBodyAdvice, 1 ResponseBodyAdvice
2024-10-01T08:57:03.885Z DEBUG 1 --- [product] [main] .m.m.a.ExceptionHandlerExceptionResolver : ControllerAdvice beans: 1 @ExceptionHandler, 1 ResponseBodyAdvice
2024-10-01T08:57:04.066Z  INFO 1 --- [product] [main] g.s.a.GrpcServerFactoryAutoConfiguration : Detected grpc-netty-shaded: Creating ShadedNettyGrpcServerFactory
2024-10-01T08:57:04.685Z  INFO 1 --- [product] [main] o.s.b.w.embedded.tomcat.TomcatWebServer  : Tomcat started on port 8081 (http) with context path '/'
2024-10-01T08:57:05.149Z  INFO 1 --- [product] [main] n.d.b.g.s.s.AbstractGrpcServerFactory    : Registered gRPC service: ProductService, bean: productGRPCService, class: com.ojasare.product.service.ProductGRPCService
2024-10-01T08:57:05.149Z  INFO 1 --- [product] [main] n.d.b.g.s.s.AbstractGrpcServerFactory    : Registered gRPC service: grpc.health.v1.Health, bean: grpcHealthService, class: io.grpc.protobuf.services.HealthServiceImpl
2024-10-01T08:57:05.153Z  INFO 1 --- [product] [main] n.d.b.g.s.s.AbstractGrpcServerFactory    : Registered gRPC service: grpc.reflection.v1alpha.ServerReflection, bean: protoReflectionService, class: io.grpc.protobuf.services.ProtoReflectionService
2024-10-01T08:57:05.474Z  INFO 1 --- [product] [main] n.d.b.g.s.s.GrpcServerLifecycle          : gRPC Server started, listening on address: *, port: 9090
2024-10-01T08:57:05.496Z  INFO 1 --- [product] [main] com.ojasare.product.ProductApplication   : Started ProductApplication in 14.692 seconds (process running for 15.859)
2024-10-01T08:59:47.758Z  INFO 1 --- [product] [SpringApplicationShutdownHook] n.d.b.g.s.s.GrpcServerLifecycle          : Completed gRPC server shutdown
2024-10-01T08:59:47.764Z  INFO 1 --- [product] [SpringApplicationShutdownHook] j.LocalContainerEntityManagerFactoryBean : Closing JPA EntityManagerFactory for persistence unit 'default'
2024-10-01T08:59:47.766Z  INFO 1 --- [product] [SpringApplicationShutdownHook] com.zaxxer.hikari.HikariDataSource       : HikariPool-1 - Shutdown initiated...
2024-10-01T08:59:47.771Z  INFO 1 --- [product] [SpringApplicationShutdownHook] com.zaxxer.hikari.HikariDataSource       : HikariPool-1 - Shutdown completed.
