2024-10-01T09:33:21.249Z  INFO 1964 --- [order] [main] c.o.g.GrpcServiceApplicationTests        : Starting GrpcServiceApplicationTests using Java 21.0.4 with PID 1964 (started by Justice in C:\Users\Justice\IdeaProjects\microservices\microservices\apigatewayrgpc\order-service)
2024-10-01T09:33:21.261Z DEBUG 1964 --- [order] [main] c.o.g.GrpcServiceApplicationTests        : Running with Spring Boot v3.3.4, Spring v6.1.13
2024-10-01T09:33:21.262Z  INFO 1964 --- [order] [main] c.o.g.GrpcServiceApplicationTests        : The following 1 profile is active: "dev"
2024-10-01T09:33:21.319Z TRACE 1964 --- [order] [main] o.s.w.c.s.GenericWebApplicationContext   : Refreshing org.springframework.web.context.support.GenericWebApplicationContext@75699e35, started on Tue Oct 01 09:33:21 GMT 2024
2024-10-01T09:33:22.185Z  INFO 1964 --- [order] [main] .s.d.r.c.RepositoryConfigurationDelegate : Bootstrapping Spring Data JPA repositories in DEFAULT mode.
2024-10-01T09:33:22.268Z  INFO 1964 --- [order] [main] .s.d.r.c.RepositoryConfigurationDelegate : Finished Spring Data repository scanning in 75 ms. Found 1 JPA repository interface.
2024-10-01T09:33:22.634Z TRACE 1964 --- [order] [main] o.s.w.c.s.GenericWebApplicationContext   : No 'messageSource' bean, using [Empty MessageSource]
2024-10-01T09:33:22.634Z TRACE 1964 --- [order] [main] o.s.w.c.s.GenericWebApplicationContext   : No 'applicationEventMulticaster' bean, using [SimpleApplicationEventMulticaster]
2024-10-01T09:33:22.832Z  INFO 1964 --- [order] [main] o.hibernate.jpa.internal.util.LogHelper  : HHH000204: Processing PersistenceUnitInfo [name: default]
2024-10-01T09:33:22.946Z  INFO 1964 --- [order] [main] org.hibernate.Version                    : HHH000412: Hibernate ORM core version 6.5.3.Final
2024-10-01T09:33:23.005Z  INFO 1964 --- [order] [main] o.h.c.internal.RegionFactoryInitiator    : HHH000026: Second-level cache disabled
2024-10-01T09:33:23.458Z  INFO 1964 --- [order] [main] o.s.o.j.p.SpringPersistenceUnitInfo      : No LoadTimeWeaver setup: ignoring JPA class transformer
2024-10-01T09:33:23.500Z  INFO 1964 --- [order] [main] com.zaxxer.hikari.HikariDataSource       : HikariPool-1 - Starting...
2024-10-01T09:33:23.728Z  INFO 1964 --- [order] [main] com.zaxxer.hikari.pool.HikariPool        : HikariPool-1 - Added connection org.postgresql.jdbc.PgConnection@5df2023c
2024-10-01T09:33:23.731Z  INFO 1964 --- [order] [main] com.zaxxer.hikari.HikariDataSource       : HikariPool-1 - Start completed.
2024-10-01T09:33:24.808Z  INFO 1964 --- [order] [main] o.h.e.t.j.p.i.JtaPlatformInitiator       : HHH000489: No JTA platform available (set 'hibernate.transaction.jta.platform' to enable JTA platform integration)
2024-10-01T09:33:24.864Z  INFO 1964 --- [order] [main] j.LocalContainerEntityManagerFactoryBean : Initialized JPA EntityManagerFactory for persistence unit 'default'
2024-10-01T09:33:25.748Z  WARN 1964 --- [order] [main] JpaBaseConfiguration$JpaWebConfiguration : spring.jpa.open-in-view is enabled by default. Therefore, database queries may be performed during view rendering. Explicitly configure spring.jpa.open-in-view to disable this warning
2024-10-01T09:33:25.889Z TRACE 1964 --- [order] [main] s.w.s.m.m.a.RequestMappingHandlerMapping : 
	c.o.g.c.OrderController:
	{GET [/v1/api/order/{id}]}: getOrder(Long)
	{GET [/v1/api/order/all]}: getAllOrders()
	{POST [/v1/api/order/create]}: placeOrder(OrderRequest)
2024-10-01T09:33:25.900Z TRACE 1964 --- [order] [main] s.w.s.m.m.a.RequestMappingHandlerMapping : 
	o.s.b.a.w.s.e.BasicErrorController:
	{ [/error]}: error(HttpServletRequest)
	{ [/error], produces [text/html]}: errorHtml(HttpServletRequest,HttpServletResponse)
2024-10-01T09:33:25.904Z DEBUG 1964 --- [order] [main] s.w.s.m.m.a.RequestMappingHandlerMapping : 5 mappings in 'requestMappingHandlerMapping'
2024-10-01T09:33:25.915Z DEBUG 1964 --- [order] [main] o.s.w.s.h.BeanNameUrlHandlerMapping      : Detected 0 mappings in 'beanNameHandlerMapping'
2024-10-01T09:33:26.072Z TRACE 1964 --- [order] [main] o.s.w.s.f.support.RouterFunctionMapping  : 0 RouterFunction(s) in 'routerFunctionMapping'
2024-10-01T09:33:26.089Z TRACE 1964 --- [order] [main] o.s.w.s.handler.SimpleUrlHandlerMapping  : Mapped [/webjars/**] onto ResourceHttpRequestHandler [classpath [META-INF/resources/webjars/]]
2024-10-01T09:33:26.090Z TRACE 1964 --- [order] [main] o.s.w.s.handler.SimpleUrlHandlerMapping  : Mapped [/**] onto ResourceHttpRequestHandler [classpath [META-INF/resources/], classpath [resources/], classpath [static/], classpath [public/], ServletContext [/]]
2024-10-01T09:33:26.092Z DEBUG 1964 --- [order] [main] o.s.w.s.handler.SimpleUrlHandlerMapping  : Patterns [/webjars/**, /**] in 'resourceHandlerMapping'
2024-10-01T09:33:26.155Z DEBUG 1964 --- [order] [main] s.w.s.m.m.a.RequestMappingHandlerAdapter : ControllerAdvice beans: 0 @ModelAttribute, 0 @InitBinder, 1 RequestBodyAdvice, 1 ResponseBodyAdvice
2024-10-01T09:33:26.215Z DEBUG 1964 --- [order] [main] .m.m.a.ExceptionHandlerExceptionResolver : ControllerAdvice beans: 1 @ExceptionHandler, 1 ResponseBodyAdvice
2024-10-01T09:33:26.488Z TRACE 1964 --- [order] [main] o.s.w.c.s.GenericWebApplicationContext   : Using LifecycleProcessor [org.springframework.context.support.DefaultLifecycleProcessor@6c4c32ff]
2024-10-01T09:33:26.502Z  INFO 1964 --- [order] [main] c.o.g.GrpcServiceApplicationTests        : Started GrpcServiceApplicationTests in 5.625 seconds (process running for 6.766)
2024-10-01T09:33:27.187Z DEBUG 1964 --- [order] [SpringApplicationShutdownHook] o.s.w.c.s.GenericWebApplicationContext   : Closing org.springframework.web.context.support.GenericWebApplicationContext@75699e35, started on Tue Oct 01 09:33:21 GMT 2024
2024-10-01T09:33:27.193Z  INFO 1964 --- [order] [SpringApplicationShutdownHook] j.LocalContainerEntityManagerFactoryBean : Closing JPA EntityManagerFactory for persistence unit 'default'
2024-10-01T09:33:27.201Z  INFO 1964 --- [order] [SpringApplicationShutdownHook] com.zaxxer.hikari.HikariDataSource       : HikariPool-1 - Shutdown initiated...
2024-10-01T09:33:27.220Z  INFO 1964 --- [order] [SpringApplicationShutdownHook] com.zaxxer.hikari.HikariDataSource       : HikariPool-1 - Shutdown completed.
